INFO:ex:device not connected
INFO:ex:Detected the following serial ports:
INFO:ex:ID: 207F369F424D, com:  20643699424D
INFO:ex:ID: 207F369F424D, com:  20643699424D
INFO:ex:ID: 2057359A5748, com:  20643699424D
INFO:ex:ID: 207F369F424D, com:  2082369F424D
INFO:ex:ID: 207F369F424D, com:  2082369F424D
INFO:ex:ID: 2057359A5748, com:  2082369F424D
INFO:ex:ID: 207F369F424D, com:  20713699424D
INFO:ex:ID: 207F369F424D, com:  20713699424D
INFO:ex:ID: 2057359A5748, com:  20713699424D
INFO:ex:ID: 207F369F424D, com:  20523688424D
INFO:ex:ID: 207F369F424D, com:  20523688424D
INFO:ex:ID: 2057359A5748, com:  20523688424D
INFO:ex:ID: 207F369F424D, com:  20703699424D
INFO:ex:ID: 207F369F424D, com:  20703699424D
INFO:ex:ID: 2057359A5748, com:  20703699424D
INFO:ex:ID: 207F369F424D, com:  20523689424D
INFO:ex:ID: 207F369F424D, com:  20523689424D
INFO:ex:ID: 2057359A5748, com:  20523689424D
INFO:ex:ID: 207F369F424D, com:  20653699424D
INFO:ex:ID: 207F369F424D, com:  20653699424D
INFO:ex:ID: 2057359A5748, com:  20653699424D
INFO:ex:ID: 207F369F424D, com:  207F369F424D
INFO:ex:connect to: 207F369F424D, port: COM22
INFO:ex:success connection
INFO:ex:device not connected
INFO:ex:Detected the following serial ports:
INFO:ex:ID: 207F369F424D, com:  20643699424D
INFO:ex:ID: 207F369F424D, com:  20643699424D
INFO:ex:ID: 2057359A5748, com:  20643699424D
INFO:ex:ID: 207F369F424D, com:  2082369F424D
INFO:ex:ID: 207F369F424D, com:  2082369F424D
INFO:ex:ID: 2057359A5748, com:  2082369F424D
INFO:ex:ID: 207F369F424D, com:  20713699424D
INFO:ex:ID: 207F369F424D, com:  20713699424D
INFO:ex:ID: 2057359A5748, com:  20713699424D
INFO:ex:ID: 207F369F424D, com:  20523688424D
INFO:ex:ID: 207F369F424D, com:  20523688424D
INFO:ex:ID: 2057359A5748, com:  20523688424D
INFO:ex:ID: 207F369F424D, com:  20703699424D
INFO:ex:ID: 207F369F424D, com:  20703699424D
INFO:ex:ID: 2057359A5748, com:  20703699424D
INFO:ex:ID: 207F369F424D, com:  20523689424D
INFO:ex:ID: 207F369F424D, com:  20523689424D
INFO:ex:ID: 2057359A5748, com:  20523689424D
INFO:ex:ID: 207F369F424D, com:  20653699424D
INFO:ex:ID: 207F369F424D, com:  20653699424D
INFO:ex:ID: 2057359A5748, com:  20653699424D
INFO:ex:ID: 207F369F424D, com:  207F369F424D
INFO:ex:connect to: 207F369F424D, port: COM22
INFO:ex:success connection
INFO:ex:device not connected
INFO:ex:Detected the following serial ports:
INFO:ex:ID: 207F369F424D, com:  20643699424D
INFO:ex:ID: 207F369F424D, com:  20643699424D
INFO:ex:ID: 2057359A5748, com:  20643699424D
INFO:ex:ID: 207F369F424D, com:  2082369F424D
INFO:ex:ID: 207F369F424D, com:  2082369F424D
INFO:ex:ID: 2057359A5748, com:  2082369F424D
INFO:ex:ID: 207F369F424D, com:  20713699424D
INFO:ex:ID: 207F369F424D, com:  20713699424D
INFO:ex:ID: 2057359A5748, com:  20713699424D
INFO:ex:ID: 207F369F424D, com:  20523688424D
INFO:ex:ID: 207F369F424D, com:  20523688424D
INFO:ex:ID: 2057359A5748, com:  20523688424D
INFO:ex:ID: 207F369F424D, com:  20703699424D
INFO:ex:ID: 207F369F424D, com:  20703699424D
INFO:ex:ID: 2057359A5748, com:  20703699424D
INFO:ex:ID: 207F369F424D, com:  20523689424D
INFO:ex:ID: 207F369F424D, com:  20523689424D
INFO:ex:ID: 2057359A5748, com:  20523689424D
INFO:ex:ID: 207F369F424D, com:  20653699424D
INFO:ex:ID: 207F369F424D, com:  20653699424D
INFO:ex:ID: 2057359A5748, com:  20653699424D
INFO:ex:ID: 207F369F424D, com:  207F369F424D
INFO:ex:connect to: 207F369F424D, port: COM22
INFO:ex:success connection
INFO:ex:device not connected
INFO:ex:Detected the following serial ports:
INFO:ex:ID: 207F369F424D, com:  20643699424D
INFO:ex:ID: 207F369F424D, com:  20643699424D
INFO:ex:ID: 2057359A5748, com:  20643699424D
INFO:ex:ID: 207F369F424D, com:  2082369F424D
INFO:ex:ID: 207F369F424D, com:  2082369F424D
INFO:ex:ID: 2057359A5748, com:  2082369F424D
INFO:ex:ID: 207F369F424D, com:  20713699424D
INFO:ex:ID: 207F369F424D, com:  20713699424D
INFO:ex:ID: 2057359A5748, com:  20713699424D
INFO:ex:ID: 207F369F424D, com:  20523688424D
INFO:ex:ID: 207F369F424D, com:  20523688424D
INFO:ex:ID: 2057359A5748, com:  20523688424D
INFO:ex:ID: 207F369F424D, com:  20703699424D
INFO:ex:ID: 207F369F424D, com:  20703699424D
INFO:ex:ID: 2057359A5748, com:  20703699424D
INFO:ex:ID: 207F369F424D, com:  20523689424D
INFO:ex:ID: 207F369F424D, com:  20523689424D
INFO:ex:ID: 2057359A5748, com:  20523689424D
INFO:ex:ID: 207F369F424D, com:  20653699424D
INFO:ex:ID: 207F369F424D, com:  20653699424D
INFO:ex:ID: 2057359A5748, com:  20653699424D
INFO:ex:ID: 207F369F424D, com:  207F369F424D
INFO:ex:connect to: 207F369F424D, port: COM22
INFO:ex:success connection
INFO:ex:device not connected
INFO:ex:Detected the following serial ports:
INFO:ex:ID: 207F369F424D, com:  20643699424D
INFO:ex:ID: 207F369F424D, com:  20643699424D
INFO:ex:ID: 2057359A5748, com:  20643699424D
INFO:ex:ID: 207F369F424D, com:  2082369F424D
INFO:ex:ID: 207F369F424D, com:  2082369F424D
INFO:ex:ID: 2057359A5748, com:  2082369F424D
INFO:ex:ID: 207F369F424D, com:  20713699424D
INFO:ex:ID: 207F369F424D, com:  20713699424D
INFO:ex:ID: 2057359A5748, com:  20713699424D
INFO:ex:ID: 207F369F424D, com:  20523688424D
INFO:ex:ID: 207F369F424D, com:  20523688424D
INFO:ex:ID: 2057359A5748, com:  20523688424D
INFO:ex:ID: 207F369F424D, com:  20703699424D
INFO:ex:ID: 207F369F424D, com:  20703699424D
INFO:ex:ID: 2057359A5748, com:  20703699424D
INFO:ex:ID: 207F369F424D, com:  20523689424D
INFO:ex:ID: 207F369F424D, com:  20523689424D
INFO:ex:ID: 2057359A5748, com:  20523689424D
INFO:ex:ID: 207F369F424D, com:  20653699424D
INFO:ex:ID: 207F369F424D, com:  20653699424D
INFO:ex:ID: 2057359A5748, com:  20653699424D
INFO:ex:ID: 207F369F424D, com:  207F369F424D
INFO:ex:connect to: 207F369F424D, port: COM22
INFO:ex:success connection
INFO:ex:device not connected
INFO:ex:Detected the following serial ports:
INFO:ex:ID: 207F369F424D, com:  20643699424D
INFO:ex:ID: 207F369F424D, com:  20643699424D
INFO:ex:ID: 2057359A5748, com:  20643699424D
INFO:ex:ID: 207F369F424D, com:  2082369F424D
INFO:ex:ID: 207F369F424D, com:  2082369F424D
INFO:ex:ID: 2057359A5748, com:  2082369F424D
INFO:ex:ID: 207F369F424D, com:  20713699424D
INFO:ex:ID: 207F369F424D, com:  20713699424D
INFO:ex:ID: 2057359A5748, com:  20713699424D
INFO:ex:ID: 207F369F424D, com:  20523688424D
INFO:ex:ID: 207F369F424D, com:  20523688424D
INFO:ex:ID: 2057359A5748, com:  20523688424D
INFO:ex:ID: 207F369F424D, com:  20703699424D
INFO:ex:ID: 207F369F424D, com:  20703699424D
INFO:ex:ID: 2057359A5748, com:  20703699424D
INFO:ex:ID: 207F369F424D, com:  20523689424D
INFO:ex:ID: 207F369F424D, com:  20523689424D
INFO:ex:ID: 2057359A5748, com:  20523689424D
INFO:ex:ID: 207F369F424D, com:  20653699424D
INFO:ex:ID: 207F369F424D, com:  20653699424D
INFO:ex:ID: 2057359A5748, com:  20653699424D
INFO:ex:ID: 207F369F424D, com:  207F369F424D
INFO:ex:connect to: 207F369F424D, port: COM22
INFO:ex:success connection
ERROR:ex:error in write_regs: no connection with device. Try to reconnect
ERROR:ex:error in write_regs: no connection with device. Try to reconnect
ERROR:ex:error in write_regs: no connection with device. Try to reconnect
ERROR:ex:error in write_regs: no connection with device. Try to reconnect
ERROR:ex:error in write_regs: no connection with device. Try to reconnect
ERROR:ex:error in write_regs: no connection with device. Try to reconnect
ERROR:ex:error in write_regs: no connection with device. Try to reconnect
ERROR:ex:error in write_regs: no connection with device. Try to reconnect
INFO:ex:device not connected
INFO:ex:Detected the following serial ports:
INFO:ex:ID: 207F369F424D, com:  20643699424D
INFO:ex:ID: 207F369F424D, com:  20643699424D
INFO:ex:ID: 2057359A5748, com:  20643699424D
INFO:ex:ID: 207F369F424D, com:  2082369F424D
INFO:ex:ID: 207F369F424D, com:  2082369F424D
INFO:ex:ID: 2057359A5748, com:  2082369F424D
INFO:ex:ID: 207F369F424D, com:  20713699424D
INFO:ex:ID: 207F369F424D, com:  20713699424D
INFO:ex:ID: 2057359A5748, com:  20713699424D
INFO:ex:ID: 207F369F424D, com:  20523688424D
INFO:ex:ID: 207F369F424D, com:  20523688424D
INFO:ex:ID: 2057359A5748, com:  20523688424D
INFO:ex:ID: 207F369F424D, com:  20703699424D
INFO:ex:ID: 207F369F424D, com:  20703699424D
INFO:ex:ID: 2057359A5748, com:  20703699424D
INFO:ex:ID: 207F369F424D, com:  20523689424D
INFO:ex:ID: 207F369F424D, com:  20523689424D
INFO:ex:ID: 2057359A5748, com:  20523689424D
INFO:ex:ID: 207F369F424D, com:  20653699424D
INFO:ex:ID: 207F369F424D, com:  20653699424D
INFO:ex:ID: 2057359A5748, com:  20653699424D
INFO:ex:ID: 207F369F424D, com:  207F369F424D
INFO:ex:connect to: 207F369F424D, port: COM22
INFO:ex:success connection
ERROR:ex:error in write_regs: no connection with device. Try to reconnect
ERROR:ex:error in write_regs: no connection with device. Try to reconnect
ERROR:ex:error in write_regs: no connection with device. Try to reconnect
ERROR:ex:error in write_regs: no connection with device. Try to reconnect
ERROR:ex:error in write_regs: no connection with device. Try to reconnect
ERROR:ex:error in write_regs: no connection with device. Try to reconnect
ERROR:ex:error in write_regs: no connection with device. Try to reconnect
ERROR:ex:error in write_regs: no connection with device. Try to reconnect
ERROR:ex:error in write_regs: no connection with device. Try to reconnect
ERROR:ex:error in write_regs: no connection with device. Try to reconnect
ERROR:ex:error in write_regs: no connection with device. Try to reconnect
ERROR:ex:error in write_regs: no connection with device. Try to reconnect
INFO:ex:device not connected
INFO:ex:Detected the following serial ports:
INFO:ex:ID: 207F369F424D, com:  20643699424D
INFO:ex:ID: 207F369F424D, com:  20643699424D
INFO:ex:ID: 2057359A5748, com:  20643699424D
INFO:ex:ID: 207F369F424D, com:  2082369F424D
INFO:ex:ID: 207F369F424D, com:  2082369F424D
INFO:ex:ID: 2057359A5748, com:  2082369F424D
INFO:ex:ID: 207F369F424D, com:  20713699424D
INFO:ex:ID: 207F369F424D, com:  20713699424D
INFO:ex:ID: 2057359A5748, com:  20713699424D
INFO:ex:ID: 207F369F424D, com:  20523688424D
INFO:ex:ID: 207F369F424D, com:  20523688424D
INFO:ex:ID: 2057359A5748, com:  20523688424D
INFO:ex:ID: 207F369F424D, com:  20703699424D
INFO:ex:ID: 207F369F424D, com:  20703699424D
INFO:ex:ID: 2057359A5748, com:  20703699424D
INFO:ex:ID: 207F369F424D, com:  20523689424D
INFO:ex:ID: 207F369F424D, com:  20523689424D
INFO:ex:ID: 2057359A5748, com:  20523689424D
INFO:ex:ID: 207F369F424D, com:  20653699424D
INFO:ex:ID: 207F369F424D, com:  20653699424D
INFO:ex:ID: 2057359A5748, com:  20653699424D
INFO:ex:ID: 207F369F424D, com:  207F369F424D
INFO:ex:connect to: 207F369F424D, port: COM22
INFO:ex:success connection
INFO:ex:device not connected
INFO:ex:Detected the following serial ports:
INFO:ex:ID: 207F369F424D, com:  20643699424D
INFO:ex:ID: 207F369F424D, com:  20643699424D
INFO:ex:ID: 2057359A5748, com:  20643699424D
INFO:ex:ID: 207F369F424D, com:  2082369F424D
INFO:ex:ID: 207F369F424D, com:  2082369F424D
INFO:ex:ID: 2057359A5748, com:  2082369F424D
INFO:ex:ID: 207F369F424D, com:  20713699424D
INFO:ex:ID: 207F369F424D, com:  20713699424D
INFO:ex:ID: 2057359A5748, com:  20713699424D
INFO:ex:ID: 207F369F424D, com:  20523688424D
INFO:ex:ID: 207F369F424D, com:  20523688424D
INFO:ex:ID: 2057359A5748, com:  20523688424D
INFO:ex:ID: 207F369F424D, com:  20703699424D
INFO:ex:ID: 207F369F424D, com:  20703699424D
INFO:ex:ID: 2057359A5748, com:  20703699424D
INFO:ex:ID: 207F369F424D, com:  20523689424D
INFO:ex:ID: 207F369F424D, com:  20523689424D
INFO:ex:ID: 2057359A5748, com:  20523689424D
INFO:ex:ID: 207F369F424D, com:  20653699424D
INFO:ex:ID: 207F369F424D, com:  20653699424D
INFO:ex:ID: 2057359A5748, com:  20653699424D
INFO:ex:ID: 207F369F424D, com:  207F369F424D
INFO:ex:connect to: 207F369F424D, port: COM22
INFO:ex:success connection
ERROR:ex:error in write_regs: no connection with device. Try to reconnect
ERROR:ex:error in write_regs: no connection with device. Try to reconnect
ERROR:ex:error in write_regs: no connection with device. Try to reconnect
ERROR:ex:error in write_regs: no connection with device. Try to reconnect
ERROR:ex:error in write_regs: no connection with device. Try to reconnect
ERROR:ex:error in write_regs: no connection with device. Try to reconnect
INFO:ex:device not connected
INFO:ex:Detected the following serial ports:
INFO:ex:ID: 207F369F424D, com:  20643699424D
INFO:ex:ID: 207F369F424D, com:  20643699424D
INFO:ex:ID: 2057359A5748, com:  20643699424D
INFO:ex:ID: 207F369F424D, com:  2082369F424D
INFO:ex:ID: 207F369F424D, com:  2082369F424D
INFO:ex:ID: 2057359A5748, com:  2082369F424D
INFO:ex:ID: 207F369F424D, com:  20713699424D
INFO:ex:ID: 207F369F424D, com:  20713699424D
INFO:ex:ID: 2057359A5748, com:  20713699424D
INFO:ex:ID: 207F369F424D, com:  20523688424D
INFO:ex:ID: 207F369F424D, com:  20523688424D
INFO:ex:ID: 2057359A5748, com:  20523688424D
INFO:ex:ID: 207F369F424D, com:  20703699424D
INFO:ex:ID: 207F369F424D, com:  20703699424D
INFO:ex:ID: 2057359A5748, com:  20703699424D
INFO:ex:ID: 207F369F424D, com:  20523689424D
INFO:ex:ID: 207F369F424D, com:  20523689424D
INFO:ex:ID: 2057359A5748, com:  20523689424D
INFO:ex:ID: 207F369F424D, com:  20653699424D
INFO:ex:ID: 207F369F424D, com:  20653699424D
INFO:ex:ID: 2057359A5748, com:  20653699424D
INFO:ex:ID: 207F369F424D, com:  207F369F424D
INFO:ex:connect to: 207F369F424D, port: COM22
INFO:ex:success connection
INFO:ex:device not connected
INFO:ex:Detected the following serial ports:
INFO:ex:ID: 207F369F424D, com:  20643699424D
INFO:ex:ID: 207F369F424D, com:  20643699424D
INFO:ex:ID: 2057359A5748, com:  20643699424D
INFO:ex:ID: 207F369F424D, com:  2082369F424D
INFO:ex:ID: 207F369F424D, com:  2082369F424D
INFO:ex:ID: 2057359A5748, com:  2082369F424D
INFO:ex:ID: 207F369F424D, com:  20713699424D
INFO:ex:ID: 207F369F424D, com:  20713699424D
INFO:ex:ID: 2057359A5748, com:  20713699424D
INFO:ex:ID: 207F369F424D, com:  20523688424D
INFO:ex:ID: 207F369F424D, com:  20523688424D
INFO:ex:ID: 2057359A5748, com:  20523688424D
INFO:ex:ID: 207F369F424D, com:  20703699424D
INFO:ex:ID: 207F369F424D, com:  20703699424D
INFO:ex:ID: 2057359A5748, com:  20703699424D
INFO:ex:ID: 207F369F424D, com:  20523689424D
INFO:ex:ID: 207F369F424D, com:  20523689424D
INFO:ex:ID: 2057359A5748, com:  20523689424D
INFO:ex:ID: 207F369F424D, com:  20653699424D
INFO:ex:ID: 207F369F424D, com:  20653699424D
INFO:ex:ID: 2057359A5748, com:  20653699424D
INFO:ex:ID: 207F369F424D, com:  207F369F424D
INFO:ex:connect to: 207F369F424D, port: COM22
INFO:ex:success connection
INFO:ex:device not connected
INFO:ex:Detected the following serial ports:
INFO:ex:ID: 207F369F424D, com:  20643699424D
INFO:ex:ID: 207F369F424D, com:  20643699424D
INFO:ex:ID: 2057359A5748, com:  20643699424D
INFO:ex:ID: 207F369F424D, com:  2082369F424D
INFO:ex:ID: 207F369F424D, com:  2082369F424D
INFO:ex:ID: 2057359A5748, com:  2082369F424D
INFO:ex:ID: 207F369F424D, com:  20713699424D
INFO:ex:ID: 207F369F424D, com:  20713699424D
INFO:ex:ID: 2057359A5748, com:  20713699424D
INFO:ex:ID: 207F369F424D, com:  20523688424D
INFO:ex:ID: 207F369F424D, com:  20523688424D
INFO:ex:ID: 2057359A5748, com:  20523688424D
INFO:ex:ID: 207F369F424D, com:  20703699424D
INFO:ex:ID: 207F369F424D, com:  20703699424D
INFO:ex:ID: 2057359A5748, com:  20703699424D
INFO:ex:ID: 207F369F424D, com:  20523689424D
INFO:ex:ID: 207F369F424D, com:  20523689424D
INFO:ex:ID: 2057359A5748, com:  20523689424D
INFO:ex:ID: 207F369F424D, com:  20653699424D
INFO:ex:ID: 207F369F424D, com:  20653699424D
INFO:ex:ID: 2057359A5748, com:  20653699424D
INFO:ex:ID: 207F369F424D, com:  207F369F424D
INFO:ex:connect to: 207F369F424D, port: COM22
INFO:ex:success connection
INFO:ex:device not connected
INFO:ex:Detected the following serial ports:
INFO:ex:ID: 207F369F424D, com:  20643699424D
INFO:ex:ID: 207F369F424D, com:  20643699424D
INFO:ex:ID: 2057359A5748, com:  20643699424D
INFO:ex:ID: 207F369F424D, com:  2082369F424D
INFO:ex:ID: 207F369F424D, com:  2082369F424D
INFO:ex:ID: 2057359A5748, com:  2082369F424D
INFO:ex:ID: 207F369F424D, com:  20713699424D
INFO:ex:ID: 207F369F424D, com:  20713699424D
INFO:ex:ID: 2057359A5748, com:  20713699424D
INFO:ex:ID: 207F369F424D, com:  20523688424D
INFO:ex:ID: 207F369F424D, com:  20523688424D
INFO:ex:ID: 2057359A5748, com:  20523688424D
INFO:ex:ID: 207F369F424D, com:  20703699424D
INFO:ex:ID: 207F369F424D, com:  20703699424D
INFO:ex:ID: 2057359A5748, com:  20703699424D
INFO:ex:ID: 207F369F424D, com:  20523689424D
INFO:ex:ID: 207F369F424D, com:  20523689424D
INFO:ex:ID: 2057359A5748, com:  20523689424D
INFO:ex:ID: 207F369F424D, com:  20653699424D
INFO:ex:ID: 207F369F424D, com:  20653699424D
INFO:ex:ID: 2057359A5748, com:  20653699424D
INFO:ex:ID: 207F369F424D, com:  207F369F424D
INFO:ex:connect to: 207F369F424D, port: COM22
INFO:ex:success connection
